<?xml version="1.0" encoding="UTF-8"?>
<!-- Generated by org.testng.reporters.JUnitXMLReporter -->
<testsuite hostname="viewwrite-lm" name="Command line test" tests="12" failures="0" timestamp="19 Apr 2014 08:04:30 GMT" time="56.214" errors="0">
  <testcase name="initOrder02" time="0.0060" classname="learn.deepak.java.fundamentals.TestDerivedClass"/>
  <testcase name="createMyImmutable" time="0.0030" classname="learn.deepak.java.concurrent.TestMyImmutable"/>
  <testcase name="interruptTest" time="6.012" classname="learn.deepak.java.concurrent.TestMyInterruptedThread"/>
  <testcase name="noInterruptionTest" time="16.008" classname="learn.deepak.java.concurrent.TestMyInterruptedThread"/>
  <testcase name="simpleRunnableTest" time="0.0010" classname="learn.deepak.java.concurrent.TestMyRunnable"/>
  <testcase name="testMultiProducerConsumer" time="15.703" classname="learn.deepak.java.concurrent.TestMySimpleProducerConsumer"/>
  <testcase name="testSingleProducerConsumer" time="10.442" classname="learn.deepak.java.concurrent.TestMySimpleProducerConsumer"/>
  <testcase name="testSleepingRunnable" time="4.005" classname="learn.deepak.java.concurrent.TestMySleepingRunnable"/>
  <testcase name="testHarness" time="4.008" classname="learn.deepak.java.concurrent.TestMyTestHarness"/>
  <testcase name="test1" time="0.0010" classname="learn.deepak.java.concurrent.TestMyTransactionManager"/>
  <testcase name="test1" time="0.0010" classname="learn.deepak.java.concurrent.TestMyTransactionManager"/>
  <testcase name="test1" time="0.0010" classname="learn.deepak.java.concurrent.TestMyTransactionManager"/>
</testsuite> <!-- Command line test -->
