<?xml version="1.0" encoding="UTF-8"?>
<testng-results skipped="0" failed="0" total="1" passed="1">
  <reporter-output>
  </reporter-output>
  <suite name="Command line suite" duration-ms="7" started-at="2014-04-19T08:04:31Z" finished-at="2014-04-19T08:04:31Z">
    <groups>
    </groups>
    <test name="Command line test" duration-ms="7" started-at="2014-04-19T08:04:31Z" finished-at="2014-04-19T08:04:31Z">
      <class name="learn.deepak.java.AppTest">
        <test-method status="PASS" signature="testApp()[pri:0, instance:testApp(learn.deepak.java.AppTest)]" name="testApp" duration-ms="2" started-at="2014-04-19T13:34:31Z" finished-at="2014-04-19T13:34:31Z">
          <reporter-output>
          </reporter-output>
        </test-method> <!-- testApp -->
      </class> <!-- learn.deepak.java.AppTest -->
    </test> <!-- Command line test -->
  </suite> <!-- Command line suite -->
</testng-results>
