<?xml version="1.0" encoding="UTF-8" ?>
<testsuite failures="0" time="56.299" errors="0" skipped="0" tests="13" name="TestSuite">
  <properties>
[...]
</properties>
  <testcase time="0.006" classname="learn.deepak.java.fundamentals.TestDerivedClass" name="initOrder02"/>
  <testcase time="0.002" classname="learn.deepak.java.concurrent.TestMyImmutable" name="createMyImmutable"/>
  <testcase time="6.012" classname="learn.deepak.java.concurrent.TestMyInterruptedThread" name="interruptTest"/>
  <testcase time="16.008" classname="learn.deepak.java.concurrent.TestMyInterruptedThread" name="noInterruptionTest"/>
  <testcase time="0.001" classname="learn.deepak.java.concurrent.TestMyRunnable" name="simpleRunnableTest"/>
  <testcase time="15.703" classname="learn.deepak.java.concurrent.TestMySimpleProducerConsumer" name="testMultiProducerConsumer"/>
  <testcase time="10.442" classname="learn.deepak.java.concurrent.TestMySimpleProducerConsumer" name="testSingleProducerConsumer"/>
  <testcase time="4.005" classname="learn.deepak.java.concurrent.TestMySleepingRunnable" name="testSleepingRunnable"/>
  <testcase time="4.008" classname="learn.deepak.java.concurrent.TestMyTestHarness" name="testHarness"/>
  <testcase time="0.001" classname="learn.deepak.java.concurrent.TestMyTransactionManager" name="test1"/>
  <testcase time="0.001" classname="learn.deepak.java.concurrent.TestMyTransactionManager" name="test1"/>
  <testcase time="0.001" classname="learn.deepak.java.concurrent.TestMyTransactionManager" name="test1"/>
  <testcase time="0.109" classname="learn.deepak.java.AppTest" name="testApp on testApp(learn.deepak.java.AppTest)"/>
</testsuite>